TN:
SF:/Users/darbic/work-live/dev/aiteq-messenger-bot/src/logger.ts
FNF:0
FNH:0
DA:1,1
DA:27,1
LF:2
LH:2
BRF:0
BRH:0
end_of_record
TN:
SF:/Users/darbic/work-live/dev/aiteq-messenger-bot/src/fb-api/graph-api.ts
FN:24,(anonymous_6)
FN:45,(anonymous_7)
FN:99,(anonymous_9)
FN:105,(anonymous_10)
FNF:4
FNH:4
FNDA:4,(anonymous_6)
FNDA:5,(anonymous_7)
FNDA:1,(anonymous_9)
FNDA:1,(anonymous_10)
DA:2,1
DA:3,1
DA:10,1
DA:12,1
DA:24,4
DA:26,4
DA:27,2
DA:47,5
DA:49,5
DA:51,5
DA:53,0
DA:55,5
DA:57,5
DA:61,0
DA:64,5
DA:66,5
DA:67,5
DA:70,5
DA:72,4
DA:73,4
DA:75,4
DA:76,0
DA:77,0
DA:80,4
DA:84,1
DA:85,1
DA:87,1
DA:89,1
DA:90,1
DA:91,1
DA:94,1
DA:99,1
DA:100,1
DA:101,1
DA:102,1
DA:105,1
DA:106,1
DA:107,1
DA:108,1
DA:109,1
LF:40
LH:36
BRDA:24,0,0,0
BRDA:26,1,0,2
BRDA:26,1,1,2
BRDA:32,2,0,2
BRDA:32,2,1,2
BRDA:45,3,0,5
BRDA:47,4,0,5
BRDA:47,4,1,5
BRDA:47,4,2,5
BRDA:51,5,0,0
BRDA:51,5,1,5
BRDA:55,6,0,5
BRDA:55,6,1,0
BRDA:55,7,0,5
BRDA:55,7,1,0
BRDA:75,8,0,0
BRDA:75,8,1,4
BRDA:75,9,0,4
BRDA:75,9,1,0
BRDA:89,10,0,1
BRDA:89,10,1,0
BRDA:89,11,0,1
BRDA:89,11,1,1
BRDA:99,12,0,1
BRDA:99,12,1,1
BRDA:105,13,0,1
BRDA:105,13,1,1
BRF:27
BRH:20
end_of_record
TN:
SF:/Users/darbic/work-live/dev/aiteq-messenger-bot/src/fb-api/messenger-codes.ts
FN:9,(anonymous_6)
FN:21,(anonymous_7)
FN:41,(anonymous_9)
FNF:3
FNH:3
FNDA:4,(anonymous_6)
FNDA:5,(anonymous_7)
FNDA:1,(anonymous_9)
DA:1,1
DA:7,1
DA:9,2
DA:11,4
DA:28,5
DA:30,5
DA:32,5
DA:36,1
DA:41,1
DA:42,1
LF:10
LH:10
BRDA:25,0,0,5
BRDA:25,0,1,3
BRDA:28,1,0,5
BRDA:28,1,1,2
BRDA:41,2,0,1
BRDA:41,2,1,1
BRF:6
BRH:6
end_of_record
TN:
SF:/Users/darbic/work-live/dev/aiteq-messenger-bot/src/store/dao.ts
FN:8,(anonymous_6)
FN:24,(anonymous_7)
FN:28,(anonymous_8)
FNF:3
FNH:3
FNDA:9,(anonymous_6)
FNDA:6,(anonymous_7)
FNDA:6,(anonymous_8)
DA:1,2
DA:3,2
DA:8,9
DA:10,9
DA:11,6
DA:21,3
DA:25,6
DA:30,6
DA:31,2
DA:34,4
DA:36,4
DA:39,2
DA:44,2
LF:13
LH:13
BRDA:8,0,0,5
BRDA:10,1,0,6
BRDA:10,1,1,3
BRDA:30,2,0,2
BRDA:30,2,1,4
BRDA:30,3,0,6
BRDA:30,3,1,4
BRDA:36,4,0,2
BRDA:36,4,1,2
BRF:9
BRH:9
end_of_record
TN:
SF:/Users/darbic/work-live/dev/aiteq-messenger-bot/src/store/reusable-dao.ts
FN:6,(anonymous_0)
FNF:1
FNH:1
FNDA:1,(anonymous_0)
DA:1,1
DA:4,1
DA:7,1
LF:3
LH:3
BRF:0
BRH:0
end_of_record
