TN:
SF:/Users/darbic/work-live/dev/messenger-bot/src/store/dao.ts
FN:8,(anonymous_6)
FN:24,(anonymous_7)
FN:28,(anonymous_8)
FNF:3
FNH:3
FNDA:9,(anonymous_6)
FNDA:6,(anonymous_7)
FNDA:6,(anonymous_8)
DA:1,2
DA:3,2
DA:8,9
DA:10,9
DA:11,6
DA:14,3
DA:21,3
DA:25,6
DA:30,6
DA:31,2
DA:34,4
DA:36,4
DA:39,2
DA:44,2
LF:14
LH:14
BRDA:8,0,0,5
BRDA:10,1,0,6
BRDA:10,1,1,3
BRDA:30,2,0,2
BRDA:30,2,1,4
BRDA:30,3,0,6
BRDA:30,3,1,4
BRDA:36,4,0,2
BRDA:36,4,1,2
BRF:9
BRH:9
end_of_record
TN:
SF:/Users/darbic/work-live/dev/messenger-bot/src/store/reusable-dao.ts
FN:6,(anonymous_0)
FNF:1
FNH:1
FNDA:1,(anonymous_0)
DA:2,1
DA:4,1
DA:7,1
LF:3
LH:3
BRF:0
BRH:0
end_of_record
